Args in experiment:
Namespace(is_training=0, model='PathFormer', model_id='finance_asian_48_48', data='custom', root_path='./dataset/finance', data_path='ASIANPAINT.csv', features='MS', target='Close', freq='d', checkpoints='./checkpoints/', seq_len=48, pred_len=48, individual=False, d_model=8, d_ff=64, num_nodes=9, layer_nums=3, k=2, num_experts_list=[4, 4, 4], patch_size_list=[[16, 12, 8, 4], [12, 8, 6, 4], [8, 6, 2, 12]], do_predict=False, revin=1, drop=0.1, embed='timeF', residual_connection=1, metric='mae', batch_norm=0, num_workers=10, itr=1, train_epochs=30, batch_size=32, patience=10, learning_rate=0.001, lradj='TST', use_amp=False, pct_start=0.4, use_gpu=False, gpu=0, use_multi_gpu=False, devices='2', test_flop=False)
finance_asian_48_48_PathFormer_ASIANPAINT_ftMS_sl48_pl48_0
Use CPU
>>>>>>>testing : finance_asian_48_48_PathFormer_ASIANPAINT_ftMS_sl48_pl48_0<<<<<<<<<<<<<<<<<<<<<<<<<<<<<<<<<
 DATA LOADED FROM DATA_LOADER 
          date  Prev Close   Open   High  ...    VWAP  Volume      Turnover   Close
0  03-01-2000      361.20  370.0  390.0  ...  380.54    3318  1.262620e+11  381.65
1  04-01-2000      381.65  380.0  392.0  ...  383.50    4818  1.847700e+11  385.55
2  05-01-2000      385.55  371.5  390.0  ...  379.81    2628  9.981384e+10  383.00
3  06-01-2000      383.00  384.9  384.9  ...  379.88    3354  1.274114e+11  377.50
4  07-01-2000      377.50  376.0  390.0  ...  383.38    9589  3.676270e+11  385.70

[5 rows x 10 columns]
after adjusting cols 
      Prev Close    Open     High  ...   Volume      Turnover     Close
0         361.20   370.0   390.00  ...     3318  1.262620e+11    381.65
1         381.65   380.0   392.00  ...     4818  1.847700e+11    385.55
2         385.55   371.5   390.00  ...     2628  9.981384e+10    383.00
3         383.00   384.9   384.90  ...     3354  1.274114e+11    377.50
4         377.50   376.0   390.00  ...     9589  3.676270e+11    385.70
...          ...     ...      ...  ...      ...           ...       ...
5301     2517.95  2530.0  2575.00  ...  1103980  2.823400e+14  38368.50
5302     2557.90  2545.0  2579.90  ...   866331  2.218288e+14  38615.25
5303     2574.35  2588.0  2620.25  ...  1065561  2.776752e+14  39218.25
5304     2614.55  2630.0  2642.00  ...  1295346  3.377394e+14  39201.75
5305     2613.45  2595.0  2605.80  ...  1384907  3.543512e+14  38046.00

[5306 rows x 9 columns]
after scaling the data 
 [[-0.68590299 -0.6792214  -0.66911152 ... -0.36613719 -0.49527737
  -0.78894473]
 [-0.66947942 -0.67118596 -0.66752396 ... -0.3618377  -0.49297725
  -0.78742979]
 [-0.6663473  -0.67801608 -0.66911152 ... -0.36811495 -0.49631713
  -0.78842033]
 ...
 [ 1.09149688  1.10304022  1.10121302 ...  2.67859772 10.41598398
  14.2969987 ]
 [ 1.12378184  1.13678909  1.11847771 ...  3.33723647 12.77728515
  14.29058933]
 [ 1.12289842  1.10866503  1.08974292 ...  3.59394751 13.43034192
  13.84164223]]
1109
test 1014
x data after scaling 
[[-0.14288109 -0.13702977 -0.13727991 ...  1.86098104  2.71986126
   5.22162475]
 [-0.12710001 -0.17379193 -0.13878809 ...  5.37387013  7.57856364
   5.18637323]
 [-0.13195881 -0.1279899  -0.13727991 ...  4.55167307  6.4385443
   4.95534464]
 ...
 [ 1.09149688  1.10304022  1.10121302 ...  2.67859772 10.41598398
  14.2969987 ]
 [ 1.12378184  1.13678909  1.11847771 ...  3.33723647 12.77728515
  14.29058933]
 [ 1.12289842  1.10866503  1.08974292 ...  3.59394751 13.43034192
  13.84164223]]
len of sample data 9

loading model
1109
(992, 48, 1)
(992, 48, 1)
1.3610724359750748
mse:0.5340867638587952, mae:0.49024057388305664, rse:0.3218834400177002 ,mape : 1.3610724359750748
